\BOOKMARK [1][-]{section.1}{\376\377\000I\000n\000t\000r\000o\000d\000u\000c\000t\000i\000o\000n}{}% 1
\BOOKMARK [1][-]{section.2}{\376\377\000T\000h\000e\000\040\000q\000u\000a\000s\000i\000-\000c\000o\000n\000t\000i\000n\000u\000o\000u\000s\000-\000w\000a\000v\000e\000\040\000f\000o\000u\000r\000-\000w\000a\000v\000e\000\040\000m\000i\000x\000i\000n\000g\000\040\000s\000y\000s\000t\000e\000m}{}% 2
\BOOKMARK [1][-]{section.3}{\376\377\000T\000h\000e\000\040\000n\000o\000r\000m\000a\000l\000i\000s\000e\000d\000\040\000s\000y\000s\000t\000e\000m}{}% 3
\BOOKMARK [1][-]{section.4}{\376\377\000C\000o\000n\000s\000e\000r\000v\000e\000d\000\040\000q\000u\000a\000n\000t\000i\000t\000i\000e\000s}{}% 4
\BOOKMARK [1][-]{section.5}{\376\377\000S\000o\000l\000u\000t\000i\000o\000n\000s\000\040\000f\000o\000r\000\040\000m\000o\000d\000a\000l\000\040\000p\000o\000w\000e\000r\000s\000\040\000i\000n\000\040\000t\000e\000r\000m\000s\000\040\000o\000f\000\040\000W\000e\000i\000e\000r\000s\000t\000r\000a\000s\000s\000\040\000w\000p\000\040\000e\000l\000l\000i\000p\000t\000i\000c\000\040\000f\000u\000n\000c\000t\000i\000o\000n\000s}{}% 5
\BOOKMARK [1][-]{section.6}{\376\377\000S\000o\000l\000u\000t\000i\000o\000n\000s\000\040\000f\000o\000r\000\040\000m\000o\000d\000e\000s\000\040\000i\000n\000\040\000t\000e\000r\000m\000s\000\040\000o\000f\000\040\000W\000e\000i\000e\000r\000s\000t\000r\000a\000s\000s\000\040\000s\000i\000g\000m\000a\000,\000\040\000z\000e\000t\000a\000\040\000f\000u\000n\000c\000t\000i\000o\000n\000s}{}% 6
\BOOKMARK [1][-]{section.7}{\376\377\000W\000h\000e\000n\000\040\000q\000u\000a\000r\000t\000i\000c\000\040\000t\000e\000r\000m\000s\000\040\000c\000a\000n\000c\000e\000l\000\040\000t\000o\000\040\000l\000e\000a\000v\000e\000\040\000a\000\040\000c\000u\000b\000i\000c}{}% 7
\BOOKMARK [1][-]{section.8}{\376\377\000T\000r\000a\000n\000s\000f\000o\000r\000m\000i\000n\000g\000\040\000t\000o\000\040\000c\000a\000n\000o\000n\000i\000c\000a\000l\000\040\000c\000o\000o\000r\000d\000i\000n\000a\000t\000e\000s}{}% 8
\BOOKMARK [2][-]{subsection.8.1}{\376\377\000R\000e\000m\000o\000v\000i\000n\000g\000\040\000c\000r\000o\000s\000s\000-\000p\000h\000a\000s\000e\000\040\000m\000o\000d\000u\000l\000a\000t\000i\000o\000n\000\040\000w\000i\000t\000h\000\040\000a\000\040\000g\000a\000u\000g\000e\000\040\000t\000r\000a\000n\000s\000f\000o\000r\000m}{section.8}% 9
\BOOKMARK [2][-]{subsection.8.2}{\376\377\000R\000e\000d\000u\000c\000i\000n\000g\000\040\000t\000h\000e\000\040\000q\000u\000a\000r\000t\000i\000c\000\040\000t\000o\000\040\000a\000\040\000c\000u\000b\000i\000c\000\040\000v\000i\000a\000\040\000l\000o\000c\000a\000l\000\040\000n\000o\000r\000m\000a\000l\000i\000s\000a\000t\000i\000o\000n}{section.8}% 10
\BOOKMARK [2][-]{subsection.8.3}{\376\377\000A\000\040\000p\000a\000r\000a\000m\000e\000t\000e\000r\000l\000e\000s\000s\000\040\000s\000y\000s\000t\000e\000m\000\040\000v\000i\000a\000\040\000r\000e\000s\000c\000a\000l\000i\000n\000g}{section.8}% 11
\BOOKMARK [1][-]{section.9}{\376\377\000P\000l\000o\000t\000t\000i\000n\000g\000\040\000a\000n\000a\000l\000y\000t\000i\000c\000\040\000v\000s\000\040\000n\000u\000m\000e\000r\000i\000c\000\040\000s\000o\000l\000u\000t\000i\000o\000n\000s}{}% 12
\BOOKMARK [1][-]{section.10}{\376\377\000C\000o\000n\000c\000l\000u\000s\000i\000o\000n}{}% 13
\BOOKMARK [1][-]{appendix.A}{\376\377\000P\000a\000r\000a\000m\000e\000t\000e\000r\000\040\000d\000e\000f\000i\000n\000i\000t\000i\000o\000n\000s\000\040\000i\000n\000\040\000t\000h\000e\000\040\000o\000r\000i\000g\000i\000n\000a\000l\000\040\000c\000o\000o\000r\000d\000i\000n\000a\000t\000e\000s}{}% 14
\BOOKMARK [1][-]{appendix.B}{\376\377\000I\000n\000i\000t\000i\000a\000l\000\040\000c\000o\000n\000d\000i\000t\000i\000o\000n\000\040\000r\000e\000l\000a\000t\000i\000o\000n\000s}{}% 15
\BOOKMARK [1][-]{appendix.C}{\376\377\000T\000h\000e\000\040\000F\000r\000o\000b\000e\000n\000i\000u\000s\000-\000S\000t\000i\000c\000k\000e\000l\000b\000e\000r\000g\000e\000r\000\040\000d\000e\000t\000e\000r\000m\000i\000n\000a\000n\000t}{}% 16
\BOOKMARK [2][-]{subsection.C.1}{\376\377\000T\000h\000e\000\040\000l\000e\000f\000t\000\040\000h\000a\000n\000d\000\040\000s\000i\000d\000e}{appendix.C}% 17
\BOOKMARK [2][-]{subsection.C.2}{\376\377\000T\000h\000e\000\040\000r\000i\000g\000h\000t\000\040\000h\000a\000n\000d\000\040\000s\000i\000d\000e}{appendix.C}% 18
\BOOKMARK [1][-]{appendix.D}{\376\377\000P\000a\000r\000a\000m\000e\000t\000e\000r\000\040\000d\000e\000f\000i\000n\000i\000t\000i\000o\000n\000s\000\040\000i\000n\000\040\000t\000h\000e\000\040\000b\000a\000r\000\040\000c\000o\000o\000r\000d\000i\000n\000a\000t\000e\000s}{}% 19
\BOOKMARK [1][-]{appendix.E}{\376\377\000S\000c\000a\000l\000e\000d\000\040\000p\000a\000r\000a\000m\000e\000t\000e\000r\000s\000\040\000i\000n\000\040\000t\000h\000e\000\040\000t\000i\000l\000d\000e\000\040\000c\000o\000o\000r\000d\000i\000n\000a\000t\000e\000s}{}% 20
